C:\USERS\ZY\DOCUMENTS\VISUAL STUDIO 2010\PROJECTS\数据结构大作业\DEBUG\数据结构大作业.EXE
C:\USERS\ZY\DOCUMENTS\VISUAL STUDIO 2010\PROJECTS\数据结构大作业\DEBUG\数据结构大作业.ILK
C:\USERS\ZY\DOCUMENTS\VISUAL STUDIO 2010\PROJECTS\数据结构大作业\DEBUG\数据结构大作业.PDB
C:\Users\ZY\documents\visual studio 2010\Projects\数据结构大作业\数据结构大作业\Debug\cl.command.1.tlog
C:\Users\ZY\documents\visual studio 2010\Projects\数据结构大作业\数据结构大作业\Debug\CL.read.1.tlog
C:\Users\ZY\documents\visual studio 2010\Projects\数据结构大作业\数据结构大作业\Debug\CL.write.1.tlog
C:\Users\ZY\documents\visual studio 2010\Projects\数据结构大作业\数据结构大作业\Debug\link.24288.read.1.tlog
C:\Users\ZY\documents\visual studio 2010\Projects\数据结构大作业\数据结构大作业\Debug\link.24288.write.1.tlog
C:\Users\ZY\documents\visual studio 2010\Projects\数据结构大作业\数据结构大作业\Debug\link.24288-cvtres.read.1.tlog
C:\Users\ZY\documents\visual studio 2010\Projects\数据结构大作业\数据结构大作业\Debug\link.24288-cvtres.write.1.tlog
C:\Users\ZY\documents\visual studio 2010\Projects\数据结构大作业\数据结构大作业\Debug\link.command.1.tlog
C:\Users\ZY\documents\visual studio 2010\Projects\数据结构大作业\数据结构大作业\Debug\link.read.1.tlog
C:\Users\ZY\documents\visual studio 2010\Projects\数据结构大作业\数据结构大作业\Debug\link.write.1.tlog
C:\Users\ZY\documents\visual studio 2010\Projects\数据结构大作业\数据结构大作业\Debug\link-cvtres.read.1.tlog
C:\Users\ZY\documents\visual studio 2010\Projects\数据结构大作业\数据结构大作业\Debug\link-cvtres.write.1.tlog
C:\Users\ZY\documents\visual studio 2010\Projects\数据结构大作业\数据结构大作业\Debug\mt.command.1.tlog
C:\Users\ZY\documents\visual studio 2010\Projects\数据结构大作业\数据结构大作业\Debug\mt.read.1.tlog
C:\Users\ZY\documents\visual studio 2010\Projects\数据结构大作业\数据结构大作业\Debug\mt.write.1.tlog
C:\Users\ZY\documents\visual studio 2010\Projects\数据结构大作业\数据结构大作业\Debug\rc.command.1.tlog
C:\Users\ZY\documents\visual studio 2010\Projects\数据结构大作业\数据结构大作业\Debug\rc.read.1.tlog
C:\Users\ZY\documents\visual studio 2010\Projects\数据结构大作业\数据结构大作业\Debug\rc.write.1.tlog
C:\Users\ZY\documents\visual studio 2010\Projects\数据结构大作业\数据结构大作业\Debug\vc100.idb
C:\USERS\ZY\DOCUMENTS\VISUAL STUDIO 2010\PROJECTS\数据结构大作业\数据结构大作业\DEBUG\VC100.PDB
C:\USERS\ZY\DOCUMENTS\VISUAL STUDIO 2010\PROJECTS\数据结构大作业\数据结构大作业\DEBUG\ZHANGHONGRUI.OBJ
C:\USERS\ZY\DOCUMENTS\VISUAL STUDIO 2010\PROJECTS\数据结构大作业\数据结构大作业\DEBUG\数据结构大作业.EXE.EMBED.MANIFEST
C:\USERS\ZY\DOCUMENTS\VISUAL STUDIO 2010\PROJECTS\数据结构大作业\数据结构大作业\DEBUG\数据结构大作业.EXE.EMBED.MANIFEST.RES
C:\USERS\ZY\DOCUMENTS\VISUAL STUDIO 2010\PROJECTS\数据结构大作业\数据结构大作业\DEBUG\数据结构大作业.EXE.INTERMEDIATE.MANIFEST
C:\Users\ZY\documents\visual studio 2010\Projects\数据结构大作业\数据结构大作业\Debug\数据结构大作业.vcxprojResolveAssemblyReference.cache
C:\Users\ZY\documents\visual studio 2010\Projects\数据结构大作业\数据结构大作业\Debug\数据结构大作业.write.1.tlog
C:\Users\ZY\documents\visual studio 2010\Projects\数据结构大作业\数据结构大作业\Debug\数据结构大作业_manifest.rc
