生成启动时间为 2020/7/11 15:13:01。
     1>项目“C:\Users\ZY\documents\visual studio 2010\Projects\数据结构大作业\数据结构大作业\数据结构大作业.vcxproj”在节点 2 上(build 个目标)。
     1>InitializeBuildStatus:
         正在创建“Debug\数据结构大作业.unsuccessfulbuild”，因为已指定“AlwaysCreate”。
       ClCompile:
         c:\、VC2010\VC\bin\CL.exe /c /ZI /nologo /W3 /WX- /Od /Oy- /D WIN32 /D _DEBUG /D _CONSOLE /D _UNICODE /D UNICODE /Gm /EHsc /RTC1 /MDd /GS /fp:precise /Zc:wchar_t /Zc:forScope /Fo"Debug\\" /Fd"Debug\vc100.pdb" /Gd /TP /analyze- /errorReport:prompt zhanghongrui.cpp
         zhanghongrui.cpp
     1>c:\users\zy\documents\visual studio 2010\projects\数据结构大作业\数据结构大作业\zhanghongrui.cpp(35): warning C4996: 'scanf': This function or variable may be unsafe. Consider using scanf_s instead. To disable deprecation, use _CRT_SECURE_NO_WARNINGS. See online help for details.
                 c:\、vc2010\vc\include\stdio.h(304) : 参见“scanf”的声明
     1>c:\users\zy\documents\visual studio 2010\projects\数据结构大作业\数据结构大作业\zhanghongrui.cpp(49): warning C4996: 'scanf': This function or variable may be unsafe. Consider using scanf_s instead. To disable deprecation, use _CRT_SECURE_NO_WARNINGS. See online help for details.
                 c:\、vc2010\vc\include\stdio.h(304) : 参见“scanf”的声明
     1>c:\users\zy\documents\visual studio 2010\projects\数据结构大作业\数据结构大作业\zhanghongrui.cpp(64): warning C4996: 'scanf': This function or variable may be unsafe. Consider using scanf_s instead. To disable deprecation, use _CRT_SECURE_NO_WARNINGS. See online help for details.
                 c:\、vc2010\vc\include\stdio.h(304) : 参见“scanf”的声明
     1>c:\users\zy\documents\visual studio 2010\projects\数据结构大作业\数据结构大作业\zhanghongrui.cpp(66): warning C4996: 'scanf': This function or variable may be unsafe. Consider using scanf_s instead. To disable deprecation, use _CRT_SECURE_NO_WARNINGS. See online help for details.
                 c:\、vc2010\vc\include\stdio.h(304) : 参见“scanf”的声明
     1>c:\users\zy\documents\visual studio 2010\projects\数据结构大作业\数据结构大作业\zhanghongrui.cpp(78): warning C4996: 'scanf': This function or variable may be unsafe. Consider using scanf_s instead. To disable deprecation, use _CRT_SECURE_NO_WARNINGS. See online help for details.
                 c:\、vc2010\vc\include\stdio.h(304) : 参见“scanf”的声明
     1>c:\users\zy\documents\visual studio 2010\projects\数据结构大作业\数据结构大作业\zhanghongrui.cpp(95): warning C4996: 'scanf': This function or variable may be unsafe. Consider using scanf_s instead. To disable deprecation, use _CRT_SECURE_NO_WARNINGS. See online help for details.
                 c:\、vc2010\vc\include\stdio.h(304) : 参见“scanf”的声明
     1>c:\users\zy\documents\visual studio 2010\projects\数据结构大作业\数据结构大作业\zhanghongrui.cpp(122): warning C4996: 'scanf': This function or variable may be unsafe. Consider using scanf_s instead. To disable deprecation, use _CRT_SECURE_NO_WARNINGS. See online help for details.
                 c:\、vc2010\vc\include\stdio.h(304) : 参见“scanf”的声明
     1>c:\users\zy\documents\visual studio 2010\projects\数据结构大作业\数据结构大作业\zhanghongrui.cpp(129): warning C4996: 'scanf': This function or variable may be unsafe. Consider using scanf_s instead. To disable deprecation, use _CRT_SECURE_NO_WARNINGS. See online help for details.
                 c:\、vc2010\vc\include\stdio.h(304) : 参见“scanf”的声明
     1>c:\users\zy\documents\visual studio 2010\projects\数据结构大作业\数据结构大作业\zhanghongrui.cpp(130): warning C4996: 'itoa': The POSIX name for this item is deprecated. Instead, use the ISO C++ conformant name: _itoa. See online help for details.
                 c:\、vc2010\vc\include\stdlib.h(867) : 参见“itoa”的声明
     1>c:\users\zy\documents\visual studio 2010\projects\数据结构大作业\数据结构大作业\zhanghongrui.cpp(161): warning C4996: 'scanf': This function or variable may be unsafe. Consider using scanf_s instead. To disable deprecation, use _CRT_SECURE_NO_WARNINGS. See online help for details.
                 c:\、vc2010\vc\include\stdio.h(304) : 参见“scanf”的声明
     1>c:\users\zy\documents\visual studio 2010\projects\数据结构大作业\数据结构大作业\zhanghongrui.cpp(170): warning C4996: 'scanf': This function or variable may be unsafe. Consider using scanf_s instead. To disable deprecation, use _CRT_SECURE_NO_WARNINGS. See online help for details.
                 c:\、vc2010\vc\include\stdio.h(304) : 参见“scanf”的声明
     1>c:\users\zy\documents\visual studio 2010\projects\数据结构大作业\数据结构大作业\zhanghongrui.cpp(182): warning C4996: 'scanf': This function or variable may be unsafe. Consider using scanf_s instead. To disable deprecation, use _CRT_SECURE_NO_WARNINGS. See online help for details.
                 c:\、vc2010\vc\include\stdio.h(304) : 参见“scanf”的声明
     1>c:\users\zy\documents\visual studio 2010\projects\数据结构大作业\数据结构大作业\zhanghongrui.cpp(183): warning C4996: 'itoa': The POSIX name for this item is deprecated. Instead, use the ISO C++ conformant name: _itoa. See online help for details.
                 c:\、vc2010\vc\include\stdlib.h(867) : 参见“itoa”的声明
     1>c:\users\zy\documents\visual studio 2010\projects\数据结构大作业\数据结构大作业\zhanghongrui.cpp(214): warning C4996: 'scanf': This function or variable may be unsafe. Consider using scanf_s instead. To disable deprecation, use _CRT_SECURE_NO_WARNINGS. See online help for details.
                 c:\、vc2010\vc\include\stdio.h(304) : 参见“scanf”的声明
     1>c:\users\zy\documents\visual studio 2010\projects\数据结构大作业\数据结构大作业\zhanghongrui.cpp(223): warning C4996: 'scanf': This function or variable may be unsafe. Consider using scanf_s instead. To disable deprecation, use _CRT_SECURE_NO_WARNINGS. See online help for details.
                 c:\、vc2010\vc\include\stdio.h(304) : 参见“scanf”的声明
     1>c:\users\zy\documents\visual studio 2010\projects\数据结构大作业\数据结构大作业\zhanghongrui.cpp(235): warning C4996: 'scanf': This function or variable may be unsafe. Consider using scanf_s instead. To disable deprecation, use _CRT_SECURE_NO_WARNINGS. See online help for details.
                 c:\、vc2010\vc\include\stdio.h(304) : 参见“scanf”的声明
     1>c:\users\zy\documents\visual studio 2010\projects\数据结构大作业\数据结构大作业\zhanghongrui.cpp(252): warning C4996: 'scanf': This function or variable may be unsafe. Consider using scanf_s instead. To disable deprecation, use _CRT_SECURE_NO_WARNINGS. See online help for details.
                 c:\、vc2010\vc\include\stdio.h(304) : 参见“scanf”的声明
     1>c:\users\zy\documents\visual studio 2010\projects\数据结构大作业\数据结构大作业\zhanghongrui.cpp(256): warning C4996: 'scanf': This function or variable may be unsafe. Consider using scanf_s instead. To disable deprecation, use _CRT_SECURE_NO_WARNINGS. See online help for details.
                 c:\、vc2010\vc\include\stdio.h(304) : 参见“scanf”的声明
     1>c:\users\zy\documents\visual studio 2010\projects\数据结构大作业\数据结构大作业\zhanghongrui.cpp(261): warning C4996: 'itoa': The POSIX name for this item is deprecated. Instead, use the ISO C++ conformant name: _itoa. See online help for details.
                 c:\、vc2010\vc\include\stdlib.h(867) : 参见“itoa”的声明
     1>c:\users\zy\documents\visual studio 2010\projects\数据结构大作业\数据结构大作业\zhanghongrui.cpp(267): warning C4996: 'strcpy': This function or variable may be unsafe. Consider using strcpy_s instead. To disable deprecation, use _CRT_SECURE_NO_WARNINGS. See online help for details.
                 c:\、vc2010\vc\include\string.h(105) : 参见“strcpy”的声明
     1>c:\users\zy\documents\visual studio 2010\projects\数据结构大作业\数据结构大作业\zhanghongrui.cpp(279): warning C4996: 'strcpy': This function or variable may be unsafe. Consider using strcpy_s instead. To disable deprecation, use _CRT_SECURE_NO_WARNINGS. See online help for details.
                 c:\、vc2010\vc\include\string.h(105) : 参见“strcpy”的声明
     1>c:\users\zy\documents\visual studio 2010\projects\数据结构大作业\数据结构大作业\zhanghongrui.cpp(291): warning C4996: 'strcpy': This function or variable may be unsafe. Consider using strcpy_s instead. To disable deprecation, use _CRT_SECURE_NO_WARNINGS. See online help for details.
                 c:\、vc2010\vc\include\string.h(105) : 参见“strcpy”的声明
     1>c:\users\zy\documents\visual studio 2010\projects\数据结构大作业\数据结构大作业\zhanghongrui.cpp(303): warning C4996: 'strcpy': This function or variable may be unsafe. Consider using strcpy_s instead. To disable deprecation, use _CRT_SECURE_NO_WARNINGS. See online help for details.
                 c:\、vc2010\vc\include\string.h(105) : 参见“strcpy”的声明
     1>c:\users\zy\documents\visual studio 2010\projects\数据结构大作业\数据结构大作业\zhanghongrui.cpp(310): warning C4996: 'fopen': This function or variable may be unsafe. Consider using fopen_s instead. To disable deprecation, use _CRT_SECURE_NO_WARNINGS. See online help for details.
                 c:\、vc2010\vc\include\stdio.h(234) : 参见“fopen”的声明
     1>c:\users\zy\documents\visual studio 2010\projects\数据结构大作业\数据结构大作业\zhanghongrui.cpp(310): warning C4996: 'strcat': This function or variable may be unsafe. Consider using strcat_s instead. To disable deprecation, use _CRT_SECURE_NO_WARNINGS. See online help for details.
                 c:\、vc2010\vc\include\string.h(110) : 参见“strcat”的声明
     1>c:\users\zy\documents\visual studio 2010\projects\数据结构大作业\数据结构大作业\zhanghongrui.cpp(330): warning C4996: 'scanf': This function or variable may be unsafe. Consider using scanf_s instead. To disable deprecation, use _CRT_SECURE_NO_WARNINGS. See online help for details.
                 c:\、vc2010\vc\include\stdio.h(304) : 参见“scanf”的声明
     1>c:\users\zy\documents\visual studio 2010\projects\数据结构大作业\数据结构大作业\zhanghongrui.cpp(351): warning C4996: 'scanf': This function or variable may be unsafe. Consider using scanf_s instead. To disable deprecation, use _CRT_SECURE_NO_WARNINGS. See online help for details.
                 c:\、vc2010\vc\include\stdio.h(304) : 参见“scanf”的声明
     1>c:\users\zy\documents\visual studio 2010\projects\数据结构大作业\数据结构大作业\zhanghongrui.cpp(387): warning C4996: 'scanf': This function or variable may be unsafe. Consider using scanf_s instead. To disable deprecation, use _CRT_SECURE_NO_WARNINGS. See online help for details.
                 c:\、vc2010\vc\include\stdio.h(304) : 参见“scanf”的声明
     1>c:\users\zy\documents\visual studio 2010\projects\数据结构大作业\数据结构大作业\zhanghongrui.cpp(415): warning C4996: 'scanf': This function or variable may be unsafe. Consider using scanf_s instead. To disable deprecation, use _CRT_SECURE_NO_WARNINGS. See online help for details.
                 c:\、vc2010\vc\include\stdio.h(304) : 参见“scanf”的声明
     1>c:\users\zy\documents\visual studio 2010\projects\数据结构大作业\数据结构大作业\zhanghongrui.cpp(421): warning C4996: 'scanf': This function or variable may be unsafe. Consider using scanf_s instead. To disable deprecation, use _CRT_SECURE_NO_WARNINGS. See online help for details.
                 c:\、vc2010\vc\include\stdio.h(304) : 参见“scanf”的声明
     1>c:\users\zy\documents\visual studio 2010\projects\数据结构大作业\数据结构大作业\zhanghongrui.cpp(429): warning C4996: 'strcpy': This function or variable may be unsafe. Consider using strcpy_s instead. To disable deprecation, use _CRT_SECURE_NO_WARNINGS. See online help for details.
                 c:\、vc2010\vc\include\string.h(105) : 参见“strcpy”的声明
     1>c:\users\zy\documents\visual studio 2010\projects\数据结构大作业\数据结构大作业\zhanghongrui.cpp(432): warning C4996: 'fopen': This function or variable may be unsafe. Consider using fopen_s instead. To disable deprecation, use _CRT_SECURE_NO_WARNINGS. See online help for details.
                 c:\、vc2010\vc\include\stdio.h(234) : 参见“fopen”的声明
     1>c:\users\zy\documents\visual studio 2010\projects\数据结构大作业\数据结构大作业\zhanghongrui.cpp(448): warning C4996: 'scanf': This function or variable may be unsafe. Consider using scanf_s instead. To disable deprecation, use _CRT_SECURE_NO_WARNINGS. See online help for details.
                 c:\、vc2010\vc\include\stdio.h(304) : 参见“scanf”的声明
     1>c:\users\zy\documents\visual studio 2010\projects\数据结构大作业\数据结构大作业\zhanghongrui.cpp(460): warning C4996: 'scanf': This function or variable may be unsafe. Consider using scanf_s instead. To disable deprecation, use _CRT_SECURE_NO_WARNINGS. See online help for details.
                 c:\、vc2010\vc\include\stdio.h(304) : 参见“scanf”的声明
     1>c:\users\zy\documents\visual studio 2010\projects\数据结构大作业\数据结构大作业\zhanghongrui.cpp(477): warning C4996: 'scanf': This function or variable may be unsafe. Consider using scanf_s instead. To disable deprecation, use _CRT_SECURE_NO_WARNINGS. See online help for details.
                 c:\、vc2010\vc\include\stdio.h(304) : 参见“scanf”的声明
     1>c:\users\zy\documents\visual studio 2010\projects\数据结构大作业\数据结构大作业\zhanghongrui.cpp(485): warning C4996: 'strcpy': This function or variable may be unsafe. Consider using strcpy_s instead. To disable deprecation, use _CRT_SECURE_NO_WARNINGS. See online help for details.
                 c:\、vc2010\vc\include\string.h(105) : 参见“strcpy”的声明
     1>c:\users\zy\documents\visual studio 2010\projects\数据结构大作业\数据结构大作业\zhanghongrui.cpp(488): warning C4996: 'fopen': This function or variable may be unsafe. Consider using fopen_s instead. To disable deprecation, use _CRT_SECURE_NO_WARNINGS. See online help for details.
                 c:\、vc2010\vc\include\stdio.h(234) : 参见“fopen”的声明
     1>c:\users\zy\documents\visual studio 2010\projects\数据结构大作业\数据结构大作业\zhanghongrui.cpp(504): warning C4996: 'scanf': This function or variable may be unsafe. Consider using scanf_s instead. To disable deprecation, use _CRT_SECURE_NO_WARNINGS. See online help for details.
                 c:\、vc2010\vc\include\stdio.h(304) : 参见“scanf”的声明
     1>c:\users\zy\documents\visual studio 2010\projects\数据结构大作业\数据结构大作业\zhanghongrui.cpp(516): warning C4996: 'scanf': This function or variable may be unsafe. Consider using scanf_s instead. To disable deprecation, use _CRT_SECURE_NO_WARNINGS. See online help for details.
                 c:\、vc2010\vc\include\stdio.h(304) : 参见“scanf”的声明
     1>c:\users\zy\documents\visual studio 2010\projects\数据结构大作业\数据结构大作业\zhanghongrui.cpp(534): warning C4996: 'scanf': This function or variable may be unsafe. Consider using scanf_s instead. To disable deprecation, use _CRT_SECURE_NO_WARNINGS. See online help for details.
                 c:\、vc2010\vc\include\stdio.h(304) : 参见“scanf”的声明
     1>c:\users\zy\documents\visual studio 2010\projects\数据结构大作业\数据结构大作业\zhanghongrui.cpp(544): warning C4996: 'scanf': This function or variable may be unsafe. Consider using scanf_s instead. To disable deprecation, use _CRT_SECURE_NO_WARNINGS. See online help for details.
                 c:\、vc2010\vc\include\stdio.h(304) : 参见“scanf”的声明
       ManifestResourceCompile:
         所有输出均为最新。
       Link:
         c:\、VC2010\VC\bin\link.exe /ERRORREPORT:PROMPT /OUT:"C:\Users\ZY\documents\visual studio 2010\Projects\数据结构大作业\Debug\数据结构大作业.exe" /INCREMENTAL /NOLOGO kernel32.lib user32.lib gdi32.lib winspool.lib comdlg32.lib advapi32.lib shell32.lib ole32.lib oleaut32.lib uuid.lib odbc32.lib odbccp32.lib /MANIFEST /ManifestFile:"Debug\数据结构大作业.exe.intermediate.manifest" /MANIFESTUAC:"level='asInvoker' uiAccess='false'" /DEBUG /PDB:"C:\Users\ZY\documents\visual studio 2010\Projects\数据结构大作业\Debug\数据结构大作业.pdb" /SUBSYSTEM:CONSOLE /TLBID:1 /DYNAMICBASE /NXCOMPAT /IMPLIB:"C:\Users\ZY\documents\visual studio 2010\Projects\数据结构大作业\Debug\数据结构大作业.lib" /MACHINE:X86 "Debug\数据结构大作业.exe.embed.manifest.res"
         Debug\zhanghongrui.obj
       Manifest:
         C:\Program Files (x86)\Microsoft SDKs\Windows\v7.0A\bin\mt.exe /nologo /verbose /out:"Debug\数据结构大作业.exe.embed.manifest" /manifest "Debug\数据结构大作业.exe.intermediate.manifest"
         所有输出均为最新。
       LinkEmbedManifest:
         所有输出均为最新。
         数据结构大作业.vcxproj -> C:\Users\ZY\documents\visual studio 2010\Projects\数据结构大作业\Debug\数据结构大作业.exe
       FinalizeBuildStatus:
         正在删除文件“Debug\数据结构大作业.unsuccessfulbuild”。
         正在对“Debug\数据结构大作业.lastbuildstate”执行 Touch 任务。
     1>已完成生成项目“C:\Users\ZY\documents\visual studio 2010\Projects\数据结构大作业\数据结构大作业\数据结构大作业.vcxproj”(build 个目标)的操作。

生成成功。

已用时间 00:00:11.38
